Using pre-set license
Built from '2020.3/staging' branch; Version is '2020.3.13f1 (71691879b7f5) revision 7432472'; Using compiler version '192528614'; Build Type 'Release'
OS: 'Windows 10 Home; OS build 19043.1237; Version 2009; 64bit' Language: 'en' Physical Memory: 16335 MB
BatchMode: 1, IsHumanControllingUs: 0, StartBugReporterOnCrash: 0, Is64bit: 1, IsPro: 0

 COMMAND LINE ARGUMENTS:
C:\Program Files\Unity\Hub\Editor\2020.3.13f1\Editor\Unity.exe
-adb2
-batchMode
-noUpm
-name
AssetImportWorker0
-projectPath
C:/Users/sjpac/OneDrive/Documents/G300/G300SetDressing/LevelBlocking
-logFile
Logs/AssetImportWorker0.log
-srvPort
57403
Successfully changed project path to: C:/Users/sjpac/OneDrive/Documents/G300/G300SetDressing/LevelBlocking
C:/Users/sjpac/OneDrive/Documents/G300/G300SetDressing/LevelBlocking
Using Asset Import Pipeline V2.
Refreshing native plugins compatible for Editor in 41.96 ms, found 2 plugins.
Preloading 0 native plugins for Editor in 0.00 ms.
Initialize engine version: 2020.3.13f1 (71691879b7f5)
[Subsystems] Discovering subsystems at path C:/Program Files/Unity/Hub/Editor/2020.3.13f1/Editor/Data/Resources/UnitySubsystems
[Subsystems] Discovering subsystems at path C:/Users/sjpac/OneDrive/Documents/G300/G300SetDressing/LevelBlocking/Assets
GfxDevice: creating device client; threaded=0
Direct3D:
    Version:  Direct3D 11.0 [level 11.1]
    Renderer: Radeon RX 580 Series (ID=0x67df)
    Vendor:   
    VRAM:     8171 MB
    Driver:   30.0.13017.1004
Initialize mono
Mono path[0] = 'C:/Program Files/Unity/Hub/Editor/2020.3.13f1/Editor/Data/Managed'
Mono path[1] = 'C:/Program Files/Unity/Hub/Editor/2020.3.13f1/Editor/Data/MonoBleedingEdge/lib/mono/unityjit'
Mono config path = 'C:/Program Files/Unity/Hub/Editor/2020.3.13f1/Editor/Data/MonoBleedingEdge/etc'
Using monoOptions --debugger-agent=transport=dt_socket,embedding=1,server=y,suspend=n,address=127.0.0.1:56164
Begin MonoManager ReloadAssembly
Registering precompiled unity dll's ...
Register platform support module: C:/Program Files/Unity/Hub/Editor/2020.3.13f1/Editor/Data/PlaybackEngines/WindowsStandaloneSupport/UnityEditor.WindowsStandalone.Extensions.dll
Registered in 0.003411 seconds.
Native extension for WindowsStandalone target not found
Refreshing native plugins compatible for Editor in 40.36 ms, found 2 plugins.
Preloading 0 native plugins for Editor in 0.00 ms.
Mono: successfully reloaded assembly
- Completed reload, in  1.143 seconds
Platform modules already initialized, skipping
Registering precompiled user dll's ...
Registered in 0.005711 seconds.
Begin MonoManager ReloadAssembly
Native extension for WindowsStandalone target not found
Refreshing native plugins compatible for Editor in 44.85 ms, found 2 plugins.
Preloading 0 native plugins for Editor in 0.00 ms.
Mono: successfully reloaded assembly
- Completed reload, in  1.194 seconds
Platform modules already initialized, skipping
========================================================================
Worker process is ready to serve import requests
Launched and connected shader compiler UnityShaderCompiler.exe after 0.04 seconds
Refreshing native plugins compatible for Editor in 0.42 ms, found 2 plugins.
Preloading 0 native plugins for Editor in 0.00 ms.
Unloading 2247 Unused Serialized files (Serialized files now loaded: 0)
System memory in use before: 99.0 MB.
System memory in use after: 99.1 MB.

Unloading 21 unused Assets to reduce memory usage. Loaded Objects now: 2689.
Total: 2.196500 ms (FindLiveObjects: 0.182000 ms CreateObjectMapping: 0.101600 ms MarkObjects: 1.844500 ms  DeleteObjects: 0.067400 ms)

AssetImportParameters requested are different than current active one (requested -> active):
  custom:framework-win-MediaFoundation: 216162199b28c13a410421893ffa2e32 -> 
  custom:video-decoder-ogg-theora: a1e56fd34408186e4bbccfd4996cb3dc -> 
  custom:container-muxer-webm: aa71ff27fc2769a1b78a27578f13a17b -> 
  custom:container-demuxer-webm: 4f35f7cbe854078d1ac9338744f61a02 -> 
  custom:container-demuxer-ogg: 62fdf1f143b41e24485cea50d1cbac27 -> 
  custom:video-encoder-webm-vp8: eb34c28f22e8b96e1ab97ce403110664 -> 
  custom:video-decoder-webm-vp8: 9c59270c3fd7afecdb556c50c9e8de78 -> 
  custom:audio-decoder-ogg-vorbis: bf7c407c2cedff20999df2af8eb42d56 -> 
  custom:audio-encoder-webm-vorbis: bf7c407c2cedff20999df2af8eb42d56 -> 
========================================================================
Received Import Request.
  path: Assets/Models/TV.obj
  artifactKey: Guid(182fb6c14b75b6d4eb51442ce59e527d) Importer(815301076,1909f56bfc062723c751e8b465ee728b)
Start importing Assets/Models/TV.obj using Guid(182fb6c14b75b6d4eb51442ce59e527d) Importer(815301076,1909f56bfc062723c751e8b465ee728b)  -> (artifact id: '9040fdcad6f8fd5ed4ffabdeed87a773') in 0.197017 seconds 
  Import took 0.200447 seconds .

========================================================================
Received Prepare
Registering precompiled user dll's ...
Registered in 0.005483 seconds.
Begin MonoManager ReloadAssembly
Native extension for WindowsStandalone target not found
Refreshing native plugins compatible for Editor in 0.47 ms, found 2 plugins.
Preloading 0 native plugins for Editor in 0.00 ms.
Mono: successfully reloaded assembly
- Completed reload, in  1.138 seconds
Platform modules already initialized, skipping
Refreshing native plugins compatible for Editor in 0.56 ms, found 2 plugins.
Preloading 0 native plugins for Editor in 0.00 ms.
Unloading 2214 Unused Serialized files (Serialized files now loaded: 0)
System memory in use before: 99.9 MB.
System memory in use after: 100.2 MB.

Unloading 14 unused Assets to reduce memory usage. Loaded Objects now: 2735.
Total: 3.151400 ms (FindLiveObjects: 0.231700 ms CreateObjectMapping: 0.112500 ms MarkObjects: 2.784200 ms  DeleteObjects: 0.021700 ms)

AssetImportParameters requested are different than current active one (requested -> active):
  custom:framework-win-MediaFoundation: 216162199b28c13a410421893ffa2e32 -> 
  custom:video-decoder-ogg-theora: a1e56fd34408186e4bbccfd4996cb3dc -> 
  custom:container-muxer-webm: aa71ff27fc2769a1b78a27578f13a17b -> 
  custom:container-demuxer-webm: 4f35f7cbe854078d1ac9338744f61a02 -> 
  custom:container-demuxer-ogg: 62fdf1f143b41e24485cea50d1cbac27 -> 
  custom:video-encoder-webm-vp8: eb34c28f22e8b96e1ab97ce403110664 -> 
  custom:video-decoder-webm-vp8: 9c59270c3fd7afecdb556c50c9e8de78 -> 
  custom:audio-decoder-ogg-vorbis: bf7c407c2cedff20999df2af8eb42d56 -> 
  custom:audio-encoder-webm-vorbis: bf7c407c2cedff20999df2af8eb42d56 -> 
========================================================================
Received Import Request.
  Time since last request: 475.223523 seconds.
  path: Assets/Textures/Aluminum pipe Collapsed
  artifactKey: Guid(1a55522ad617d3447865d9518441f826) Importer(815301076,1909f56bfc062723c751e8b465ee728b)
Start importing Assets/Textures/Aluminum pipe Collapsed using Guid(1a55522ad617d3447865d9518441f826) Importer(815301076,1909f56bfc062723c751e8b465ee728b)  -> (artifact id: '00a2b7b33eb7dd143bf98b96adfc5ba3') in 0.009428 seconds 
  Import took 0.013124 seconds .

========================================================================
Received Import Request.
  Time since last request: 15.141765 seconds.
  path: Assets/Textures/Aluminum pipe Collapsed/TexturesCom_Pipe_AluminiumCollapsed_0.30x0.30_512_albedo.tif
  artifactKey: Guid(9ecf7075738d371499a8d10cf3e578dc) Importer(815301076,1909f56bfc062723c751e8b465ee728b)
Start importing Assets/Textures/Aluminum pipe Collapsed/TexturesCom_Pipe_AluminiumCollapsed_0.30x0.30_512_albedo.tif using Guid(9ecf7075738d371499a8d10cf3e578dc) Importer(815301076,1909f56bfc062723c751e8b465ee728b)  -> (artifact id: 'f4a6510fdd444ce7a80888bd6c09991a') in 0.038194 seconds 
  Import took 0.041506 seconds .

========================================================================
Received Import Request.
  Time since last request: 0.000314 seconds.
  path: Assets/Textures/Aluminum pipe Collapsed/TexturesCom_Pipe_AluminiumCollapsed_0.30x0.30_512_metallic.tif
  artifactKey: Guid(e51c615dcd0534040b2daa1527392cd3) Importer(815301076,1909f56bfc062723c751e8b465ee728b)
Start importing Assets/Textures/Aluminum pipe Collapsed/TexturesCom_Pipe_AluminiumCollapsed_0.30x0.30_512_metallic.tif using Guid(e51c615dcd0534040b2daa1527392cd3) Importer(815301076,1909f56bfc062723c751e8b465ee728b)  -> (artifact id: 'db28c7d13d4a914a01ae917701a9fb91') in 0.012090 seconds 
  Import took 0.015186 seconds .

========================================================================
Received Import Request.
  Time since last request: 0.000313 seconds.
  path: Assets/Textures/Aluminum pipe Collapsed/TexturesCom_Pipe_AluminiumCollapsed_0.30x0.30_512_normal.tif
  artifactKey: Guid(6d66bceebdf6852448493cb37b77bb9d) Importer(815301076,1909f56bfc062723c751e8b465ee728b)
Start importing Assets/Textures/Aluminum pipe Collapsed/TexturesCom_Pipe_AluminiumCollapsed_0.30x0.30_512_normal.tif using Guid(6d66bceebdf6852448493cb37b77bb9d) Importer(815301076,1909f56bfc062723c751e8b465ee728b)  -> (artifact id: '19f00c64570664360f5f320b9dba5504') in 0.010036 seconds 
  Import took 0.013617 seconds .

========================================================================
Received Import Request.
  Time since last request: 0.000301 seconds.
  path: Assets/Textures/Aluminum pipe Collapsed/TexturesCom_Pipe_AluminiumCollapsed_0.30x0.30_512_height.tif
  artifactKey: Guid(d109070170e74d34faae5b1abe4e9223) Importer(815301076,1909f56bfc062723c751e8b465ee728b)
Start importing Assets/Textures/Aluminum pipe Collapsed/TexturesCom_Pipe_AluminiumCollapsed_0.30x0.30_512_height.tif using Guid(d109070170e74d34faae5b1abe4e9223) Importer(815301076,1909f56bfc062723c751e8b465ee728b)  -> (artifact id: '4036a3ee23d5c69d191ec1b1ac6f2faa') in 0.010792 seconds 
  Import took 0.013870 seconds .

========================================================================
Received Import Request.
  Time since last request: 0.000308 seconds.
  path: Assets/Textures/Aluminum pipe Collapsed/TexturesCom_Pipe_AluminiumCollapsed_0.30x0.30_512_roughness.tif
  artifactKey: Guid(e77b97534b225da4cb3bc3d916fe2bfb) Importer(815301076,1909f56bfc062723c751e8b465ee728b)
Start importing Assets/Textures/Aluminum pipe Collapsed/TexturesCom_Pipe_AluminiumCollapsed_0.30x0.30_512_roughness.tif using Guid(e77b97534b225da4cb3bc3d916fe2bfb) Importer(815301076,1909f56bfc062723c751e8b465ee728b)  -> (artifact id: '3589f1a0c06487d0f062afd809ff6f03') in 0.010896 seconds 
  Import took 0.014555 seconds .

========================================================================
Received Import Request.
  Time since last request: 0.000255 seconds.
  path: Assets/Textures/Aluminum pipe Collapsed/TexturesCom_Pipe_AluminiumCollapsed_0.30x0.30_512_ao.tif
  artifactKey: Guid(80c7041fd8edfb840822ec25b91f766f) Importer(815301076,1909f56bfc062723c751e8b465ee728b)
Start importing Assets/Textures/Aluminum pipe Collapsed/TexturesCom_Pipe_AluminiumCollapsed_0.30x0.30_512_ao.tif using Guid(80c7041fd8edfb840822ec25b91f766f) Importer(815301076,1909f56bfc062723c751e8b465ee728b)  -> (artifact id: '043fbc8e4fada7576a57eda7a556ea45') in 0.012394 seconds 
  Import took 0.015630 seconds .

========================================================================
Received Import Request.
  Time since last request: 14.217621 seconds.
  path: Assets/Mats/AluminumPipeMat.mat
  artifactKey: Guid(dcf21e5f6addbbb4e8642dcbc9fcde7b) Importer(815301076,1909f56bfc062723c751e8b465ee728b)
Start importing Assets/Mats/AluminumPipeMat.mat using Guid(dcf21e5f6addbbb4e8642dcbc9fcde7b) Importer(815301076,1909f56bfc062723c751e8b465ee728b)  -> (artifact id: '641da49bdd509a9c44199dd965e8c6df') in 0.039520 seconds 
  Import took 0.043125 seconds .

========================================================================
Received Import Request.
  Time since last request: 23.834126 seconds.
  path: Assets/Textures/Aluminum pipe Collapsed/TexturesCom_Pipe_AluminiumCollapsed_0.30x0.30_512_normal.tif
  artifactKey: Guid(6d66bceebdf6852448493cb37b77bb9d) Importer(815301076,1909f56bfc062723c751e8b465ee728b)
Start importing Assets/Textures/Aluminum pipe Collapsed/TexturesCom_Pipe_AluminiumCollapsed_0.30x0.30_512_normal.tif using Guid(6d66bceebdf6852448493cb37b77bb9d) Importer(815301076,1909f56bfc062723c751e8b465ee728b)  -> (artifact id: 'e1a8456c8068499cd7104413442af828') in 0.014070 seconds 
  Import took 0.017774 seconds .

========================================================================
Received Import Request.
  Time since last request: 0.009280 seconds.
  path: Assets/Textures/Aluminum pipe Collapsed/TexturesCom_Pipe_AluminiumCollapsed_0.30x0.30_512_normal.tif
  artifactKey: Guid(6d66bceebdf6852448493cb37b77bb9d) Importer(815301076,1909f56bfc062723c751e8b465ee728b)
Start importing Assets/Textures/Aluminum pipe Collapsed/TexturesCom_Pipe_AluminiumCollapsed_0.30x0.30_512_normal.tif using Guid(6d66bceebdf6852448493cb37b77bb9d) Importer(815301076,1909f56bfc062723c751e8b465ee728b)  -> (artifact id: 'e1a8456c8068499cd7104413442af828') in 0.013408 seconds 
  Import took 0.016788 seconds .

========================================================================
Received Import Request.
  Time since last request: 282.484275 seconds.
  path: Assets/Textures/Steel
  artifactKey: Guid(c97093e6888c81640a7955ef341fe621) Importer(815301076,1909f56bfc062723c751e8b465ee728b)
Start importing Assets/Textures/Steel using Guid(c97093e6888c81640a7955ef341fe621) Importer(815301076,1909f56bfc062723c751e8b465ee728b)  -> (artifact id: '51a6f155cdc4b886a5e26dda669c7df4') in 0.006928 seconds 
  Import took 0.011137 seconds .

========================================================================
Received Import Request.
  Time since last request: 21.487054 seconds.
  path: Assets/Textures/Steel/TexturesCom_Metal_Galvanized_1K_albedo.tif
  artifactKey: Guid(6faf6ca982653604ab2431e21987d5b8) Importer(815301076,1909f56bfc062723c751e8b465ee728b)
Start importing Assets/Textures/Steel/TexturesCom_Metal_Galvanized_1K_albedo.tif using Guid(6faf6ca982653604ab2431e21987d5b8) Importer(815301076,1909f56bfc062723c751e8b465ee728b)  -> (artifact id: '12492121327c8b83c6e730ae10f7d30c') in 0.014147 seconds 
  Import took 0.018026 seconds .

========================================================================
Received Import Request.
  Time since last request: 0.000200 seconds.
  path: Assets/Textures/Steel/TexturesCom_Metal_Galvanized_1K_metallic.tif
  artifactKey: Guid(862dd468d4c1d704f8ba32cdcc9c3827) Importer(815301076,1909f56bfc062723c751e8b465ee728b)
Start importing Assets/Textures/Steel/TexturesCom_Metal_Galvanized_1K_metallic.tif using Guid(862dd468d4c1d704f8ba32cdcc9c3827) Importer(815301076,1909f56bfc062723c751e8b465ee728b)  -> (artifact id: 'd8aed8d3526ae5d490536c2bed689e9e') in 0.008865 seconds 
  Import took 0.011971 seconds .

========================================================================
Received Import Request.
  Time since last request: 0.000312 seconds.
  path: Assets/Textures/Steel/TexturesCom_Metal_Galvanized_1K_height.tif
  artifactKey: Guid(430a531642619ec499a3b61f415b1821) Importer(815301076,1909f56bfc062723c751e8b465ee728b)
Start importing Assets/Textures/Steel/TexturesCom_Metal_Galvanized_1K_height.tif using Guid(430a531642619ec499a3b61f415b1821) Importer(815301076,1909f56bfc062723c751e8b465ee728b)  -> (artifact id: '6c6a6acc9ad35983c82658e096712203') in 0.009173 seconds 
  Import took 0.012256 seconds .

========================================================================
Received Import Request.
  Time since last request: 0.000295 seconds.
  path: Assets/Textures/Steel/TexturesCom_Metal_Galvanized_1K_normal.tif
  artifactKey: Guid(c8e8b853895545741877830976357107) Importer(815301076,1909f56bfc062723c751e8b465ee728b)
Start importing Assets/Textures/Steel/TexturesCom_Metal_Galvanized_1K_normal.tif using Guid(c8e8b853895545741877830976357107) Importer(815301076,1909f56bfc062723c751e8b465ee728b)  -> (artifact id: 'da660c3169d0f8227bb840cb38acc6cc') in 0.009783 seconds 
  Import took 0.013124 seconds .

========================================================================
Received Import Request.
  Time since last request: 0.000387 seconds.
  path: Assets/Textures/Steel/TexturesCom_Metal_Galvanized_1K_roughness.tif
  artifactKey: Guid(1eb846bb81f80ae4d92888f59b8cc31c) Importer(815301076,1909f56bfc062723c751e8b465ee728b)
Start importing Assets/Textures/Steel/TexturesCom_Metal_Galvanized_1K_roughness.tif using Guid(1eb846bb81f80ae4d92888f59b8cc31c) Importer(815301076,1909f56bfc062723c751e8b465ee728b)  -> (artifact id: 'f942beec78b72e5a1f26835e5e35a7dd') in 0.010910 seconds 
  Import took 0.014107 seconds .

========================================================================
Received Import Request.
  Time since last request: 16.770745 seconds.
  path: Assets/Mats/SteelMat.mat
  artifactKey: Guid(b9f7caf53495b7148bdc894d3b106318) Importer(815301076,1909f56bfc062723c751e8b465ee728b)
Start importing Assets/Mats/SteelMat.mat using Guid(b9f7caf53495b7148bdc894d3b106318) Importer(815301076,1909f56bfc062723c751e8b465ee728b)  -> (artifact id: '4682488bfca02001bc9a4a05414056ec') in 0.011100 seconds 
  Import took 0.014720 seconds .

========================================================================
Received Import Request.
  Time since last request: 24.484400 seconds.
  path: Assets/Textures/Steel/TexturesCom_Metal_Galvanized_1K_normal.tif
  artifactKey: Guid(c8e8b853895545741877830976357107) Importer(815301076,1909f56bfc062723c751e8b465ee728b)
Start importing Assets/Textures/Steel/TexturesCom_Metal_Galvanized_1K_normal.tif using Guid(c8e8b853895545741877830976357107) Importer(815301076,1909f56bfc062723c751e8b465ee728b)  -> (artifact id: '2564ba6ed6fa1ae9e3d8f69259ff26c0') in 0.010350 seconds 
  Import took 0.013986 seconds .

========================================================================
Received Import Request.
  Time since last request: 0.021943 seconds.
  path: Assets/Textures/Steel/TexturesCom_Metal_Galvanized_1K_normal.tif
  artifactKey: Guid(c8e8b853895545741877830976357107) Importer(815301076,1909f56bfc062723c751e8b465ee728b)
Start importing Assets/Textures/Steel/TexturesCom_Metal_Galvanized_1K_normal.tif using Guid(c8e8b853895545741877830976357107) Importer(815301076,1909f56bfc062723c751e8b465ee728b)  -> (artifact id: '2564ba6ed6fa1ae9e3d8f69259ff26c0') in 0.012638 seconds 
  Import took 0.017871 seconds .

========================================================================
Received Prepare
Registering precompiled user dll's ...
Registered in 0.005379 seconds.
Begin MonoManager ReloadAssembly
Native extension for WindowsStandalone target not found
Refreshing native plugins compatible for Editor in 0.42 ms, found 2 plugins.
Preloading 0 native plugins for Editor in 0.00 ms.
Mono: successfully reloaded assembly
- Completed reload, in  1.059 seconds
Platform modules already initialized, skipping
Refreshing native plugins compatible for Editor in 0.43 ms, found 2 plugins.
Preloading 0 native plugins for Editor in 0.00 ms.
Unloading 2214 Unused Serialized files (Serialized files now loaded: 0)
System memory in use before: 100.2 MB.
System memory in use after: 100.4 MB.

Unloading 14 unused Assets to reduce memory usage. Loaded Objects now: 2742.
Total: 2.705600 ms (FindLiveObjects: 0.228200 ms CreateObjectMapping: 0.119200 ms MarkObjects: 2.302800 ms  DeleteObjects: 0.054000 ms)

AssetImportParameters requested are different than current active one (requested -> active):
  custom:framework-win-MediaFoundation: 216162199b28c13a410421893ffa2e32 -> 
  custom:video-decoder-ogg-theora: a1e56fd34408186e4bbccfd4996cb3dc -> 
  custom:container-muxer-webm: aa71ff27fc2769a1b78a27578f13a17b -> 
  custom:container-demuxer-webm: 4f35f7cbe854078d1ac9338744f61a02 -> 
  custom:container-demuxer-ogg: 62fdf1f143b41e24485cea50d1cbac27 -> 
  custom:video-encoder-webm-vp8: eb34c28f22e8b96e1ab97ce403110664 -> 
  custom:video-decoder-webm-vp8: 9c59270c3fd7afecdb556c50c9e8de78 -> 
  custom:audio-decoder-ogg-vorbis: bf7c407c2cedff20999df2af8eb42d56 -> 
  custom:audio-encoder-webm-vorbis: bf7c407c2cedff20999df2af8eb42d56 -> 
========================================================================
Received Import Request.
  Time since last request: 575.982076 seconds.
  path: Assets/Mats/SteelMat.mat
  artifactKey: Guid(b9f7caf53495b7148bdc894d3b106318) Importer(815301076,1909f56bfc062723c751e8b465ee728b)
Start importing Assets/Mats/SteelMat.mat using Guid(b9f7caf53495b7148bdc894d3b106318) Importer(815301076,1909f56bfc062723c751e8b465ee728b)  -> (artifact id: '243be34ff7a291d6f641d27eff4a78e8') in 0.059081 seconds 
  Import took 0.063201 seconds .

========================================================================
Received Import Request.
  Time since last request: 0.000273 seconds.
  path: Assets/Mats/AluminumPipeMat.mat
  artifactKey: Guid(dcf21e5f6addbbb4e8642dcbc9fcde7b) Importer(815301076,1909f56bfc062723c751e8b465ee728b)
Start importing Assets/Mats/AluminumPipeMat.mat using Guid(dcf21e5f6addbbb4e8642dcbc9fcde7b) Importer(815301076,1909f56bfc062723c751e8b465ee728b)  -> (artifact id: '1286041b949d97d9321e47584ec2a168') in 0.016308 seconds 
  Import took 0.019710 seconds .

