Using pre-set license
Built from '2020.3/staging' branch; Version is '2020.3.13f1 (71691879b7f5) revision 7432472'; Using compiler version '192528614'; Build Type 'Release'
OS: 'Windows 10 Home; OS build 19043.1237; Version 2009; 64bit' Language: 'en' Physical Memory: 16335 MB
BatchMode: 1, IsHumanControllingUs: 0, StartBugReporterOnCrash: 0, Is64bit: 1, IsPro: 0

 COMMAND LINE ARGUMENTS:
C:\Program Files\Unity\Hub\Editor\2020.3.13f1\Editor\Unity.exe
-adb2
-batchMode
-noUpm
-name
AssetImportWorker0
-projectPath
C:/Users/sjpac/OneDrive/Documents/G300/G300SetDressing/LevelBlocking
-logFile
Logs/AssetImportWorker0.log
-srvPort
57403
Successfully changed project path to: C:/Users/sjpac/OneDrive/Documents/G300/G300SetDressing/LevelBlocking
C:/Users/sjpac/OneDrive/Documents/G300/G300SetDressing/LevelBlocking
Using Asset Import Pipeline V2.
Refreshing native plugins compatible for Editor in 41.96 ms, found 2 plugins.
Preloading 0 native plugins for Editor in 0.00 ms.
Initialize engine version: 2020.3.13f1 (71691879b7f5)
[Subsystems] Discovering subsystems at path C:/Program Files/Unity/Hub/Editor/2020.3.13f1/Editor/Data/Resources/UnitySubsystems
[Subsystems] Discovering subsystems at path C:/Users/sjpac/OneDrive/Documents/G300/G300SetDressing/LevelBlocking/Assets
GfxDevice: creating device client; threaded=0
Direct3D:
    Version:  Direct3D 11.0 [level 11.1]
    Renderer: Radeon RX 580 Series (ID=0x67df)
    Vendor:   
    VRAM:     8171 MB
    Driver:   30.0.13017.1004
Initialize mono
Mono path[0] = 'C:/Program Files/Unity/Hub/Editor/2020.3.13f1/Editor/Data/Managed'
Mono path[1] = 'C:/Program Files/Unity/Hub/Editor/2020.3.13f1/Editor/Data/MonoBleedingEdge/lib/mono/unityjit'
Mono config path = 'C:/Program Files/Unity/Hub/Editor/2020.3.13f1/Editor/Data/MonoBleedingEdge/etc'
Using monoOptions --debugger-agent=transport=dt_socket,embedding=1,server=y,suspend=n,address=127.0.0.1:56164
Begin MonoManager ReloadAssembly
Registering precompiled unity dll's ...
Register platform support module: C:/Program Files/Unity/Hub/Editor/2020.3.13f1/Editor/Data/PlaybackEngines/WindowsStandaloneSupport/UnityEditor.WindowsStandalone.Extensions.dll
Registered in 0.003411 seconds.
Native extension for WindowsStandalone target not found
Refreshing native plugins compatible for Editor in 40.36 ms, found 2 plugins.
Preloading 0 native plugins for Editor in 0.00 ms.
Mono: successfully reloaded assembly
- Completed reload, in  1.143 seconds
Platform modules already initialized, skipping
Registering precompiled user dll's ...
Registered in 0.005711 seconds.
Begin MonoManager ReloadAssembly
Native extension for WindowsStandalone target not found
Refreshing native plugins compatible for Editor in 44.85 ms, found 2 plugins.
Preloading 0 native plugins for Editor in 0.00 ms.
Mono: successfully reloaded assembly
- Completed reload, in  1.194 seconds
Platform modules already initialized, skipping
========================================================================
Worker process is ready to serve import requests
Launched and connected shader compiler UnityShaderCompiler.exe after 0.04 seconds
Refreshing native plugins compatible for Editor in 0.42 ms, found 2 plugins.
Preloading 0 native plugins for Editor in 0.00 ms.
Unloading 2247 Unused Serialized files (Serialized files now loaded: 0)
System memory in use before: 99.0 MB.
System memory in use after: 99.1 MB.

Unloading 21 unused Assets to reduce memory usage. Loaded Objects now: 2689.
Total: 2.196500 ms (FindLiveObjects: 0.182000 ms CreateObjectMapping: 0.101600 ms MarkObjects: 1.844500 ms  DeleteObjects: 0.067400 ms)

AssetImportParameters requested are different than current active one (requested -> active):
  custom:framework-win-MediaFoundation: 216162199b28c13a410421893ffa2e32 -> 
  custom:video-decoder-ogg-theora: a1e56fd34408186e4bbccfd4996cb3dc -> 
  custom:container-muxer-webm: aa71ff27fc2769a1b78a27578f13a17b -> 
  custom:container-demuxer-webm: 4f35f7cbe854078d1ac9338744f61a02 -> 
  custom:container-demuxer-ogg: 62fdf1f143b41e24485cea50d1cbac27 -> 
  custom:video-encoder-webm-vp8: eb34c28f22e8b96e1ab97ce403110664 -> 
  custom:video-decoder-webm-vp8: 9c59270c3fd7afecdb556c50c9e8de78 -> 
  custom:audio-decoder-ogg-vorbis: bf7c407c2cedff20999df2af8eb42d56 -> 
  custom:audio-encoder-webm-vorbis: bf7c407c2cedff20999df2af8eb42d56 -> 
========================================================================
Received Import Request.
  path: Assets/Models/TV.obj
  artifactKey: Guid(182fb6c14b75b6d4eb51442ce59e527d) Importer(815301076,1909f56bfc062723c751e8b465ee728b)
Start importing Assets/Models/TV.obj using Guid(182fb6c14b75b6d4eb51442ce59e527d) Importer(815301076,1909f56bfc062723c751e8b465ee728b)  -> (artifact id: '9040fdcad6f8fd5ed4ffabdeed87a773') in 0.197017 seconds 
  Import took 0.200447 seconds .

========================================================================
Received Prepare
Registering precompiled user dll's ...
Registered in 0.005483 seconds.
Begin MonoManager ReloadAssembly
Native extension for WindowsStandalone target not found
Refreshing native plugins compatible for Editor in 0.47 ms, found 2 plugins.
Preloading 0 native plugins for Editor in 0.00 ms.
Mono: successfully reloaded assembly
- Completed reload, in  1.138 seconds
Platform modules already initialized, skipping
Refreshing native plugins compatible for Editor in 0.56 ms, found 2 plugins.
Preloading 0 native plugins for Editor in 0.00 ms.
Unloading 2214 Unused Serialized files (Serialized files now loaded: 0)
System memory in use before: 99.9 MB.
System memory in use after: 100.2 MB.

Unloading 14 unused Assets to reduce memory usage. Loaded Objects now: 2735.
Total: 3.151400 ms (FindLiveObjects: 0.231700 ms CreateObjectMapping: 0.112500 ms MarkObjects: 2.784200 ms  DeleteObjects: 0.021700 ms)

AssetImportParameters requested are different than current active one (requested -> active):
  custom:framework-win-MediaFoundation: 216162199b28c13a410421893ffa2e32 -> 
  custom:video-decoder-ogg-theora: a1e56fd34408186e4bbccfd4996cb3dc -> 
  custom:container-muxer-webm: aa71ff27fc2769a1b78a27578f13a17b -> 
  custom:container-demuxer-webm: 4f35f7cbe854078d1ac9338744f61a02 -> 
  custom:container-demuxer-ogg: 62fdf1f143b41e24485cea50d1cbac27 -> 
  custom:video-encoder-webm-vp8: eb34c28f22e8b96e1ab97ce403110664 -> 
  custom:video-decoder-webm-vp8: 9c59270c3fd7afecdb556c50c9e8de78 -> 
  custom:audio-decoder-ogg-vorbis: bf7c407c2cedff20999df2af8eb42d56 -> 
  custom:audio-encoder-webm-vorbis: bf7c407c2cedff20999df2af8eb42d56 -> 
========================================================================
Received Import Request.
  Time since last request: 475.223523 seconds.
  path: Assets/Textures/Aluminum pipe Collapsed
  artifactKey: Guid(1a55522ad617d3447865d9518441f826) Importer(815301076,1909f56bfc062723c751e8b465ee728b)
Start importing Assets/Textures/Aluminum pipe Collapsed using Guid(1a55522ad617d3447865d9518441f826) Importer(815301076,1909f56bfc062723c751e8b465ee728b)  -> (artifact id: '00a2b7b33eb7dd143bf98b96adfc5ba3') in 0.009428 seconds 
  Import took 0.013124 seconds .

========================================================================
Received Import Request.
  Time since last request: 15.141765 seconds.
  path: Assets/Textures/Aluminum pipe Collapsed/TexturesCom_Pipe_AluminiumCollapsed_0.30x0.30_512_albedo.tif
  artifactKey: Guid(9ecf7075738d371499a8d10cf3e578dc) Importer(815301076,1909f56bfc062723c751e8b465ee728b)
Start importing Assets/Textures/Aluminum pipe Collapsed/TexturesCom_Pipe_AluminiumCollapsed_0.30x0.30_512_albedo.tif using Guid(9ecf7075738d371499a8d10cf3e578dc) Importer(815301076,1909f56bfc062723c751e8b465ee728b)  -> (artifact id: 'f4a6510fdd444ce7a80888bd6c09991a') in 0.038194 seconds 
  Import took 0.041506 seconds .

========================================================================
Received Import Request.
  Time since last request: 0.000314 seconds.
  path: Assets/Textures/Aluminum pipe Collapsed/TexturesCom_Pipe_AluminiumCollapsed_0.30x0.30_512_metallic.tif
  artifactKey: Guid(e51c615dcd0534040b2daa1527392cd3) Importer(815301076,1909f56bfc062723c751e8b465ee728b)
Start importing Assets/Textures/Aluminum pipe Collapsed/TexturesCom_Pipe_AluminiumCollapsed_0.30x0.30_512_metallic.tif using Guid(e51c615dcd0534040b2daa1527392cd3) Importer(815301076,1909f56bfc062723c751e8b465ee728b)  -> (artifact id: 'db28c7d13d4a914a01ae917701a9fb91') in 0.012090 seconds 
  Import took 0.015186 seconds .

========================================================================
Received Import Request.
  Time since last request: 0.000313 seconds.
  path: Assets/Textures/Aluminum pipe Collapsed/TexturesCom_Pipe_AluminiumCollapsed_0.30x0.30_512_normal.tif
  artifactKey: Guid(6d66bceebdf6852448493cb37b77bb9d) Importer(815301076,1909f56bfc062723c751e8b465ee728b)
Start importing Assets/Textures/Aluminum pipe Collapsed/TexturesCom_Pipe_AluminiumCollapsed_0.30x0.30_512_normal.tif using Guid(6d66bceebdf6852448493cb37b77bb9d) Importer(815301076,1909f56bfc062723c751e8b465ee728b)  -> (artifact id: '19f00c64570664360f5f320b9dba5504') in 0.010036 seconds 
  Import took 0.013617 seconds .

========================================================================
Received Import Request.
  Time since last request: 0.000301 seconds.
  path: Assets/Textures/Aluminum pipe Collapsed/TexturesCom_Pipe_AluminiumCollapsed_0.30x0.30_512_height.tif
  artifactKey: Guid(d109070170e74d34faae5b1abe4e9223) Importer(815301076,1909f56bfc062723c751e8b465ee728b)
Start importing Assets/Textures/Aluminum pipe Collapsed/TexturesCom_Pipe_AluminiumCollapsed_0.30x0.30_512_height.tif using Guid(d109070170e74d34faae5b1abe4e9223) Importer(815301076,1909f56bfc062723c751e8b465ee728b)  -> (artifact id: '4036a3ee23d5c69d191ec1b1ac6f2faa') in 0.010792 seconds 
  Import took 0.013870 seconds .

========================================================================
Received Import Request.
  Time since last request: 0.000308 seconds.
  path: Assets/Textures/Aluminum pipe Collapsed/TexturesCom_Pipe_AluminiumCollapsed_0.30x0.30_512_roughness.tif
  artifactKey: Guid(e77b97534b225da4cb3bc3d916fe2bfb) Importer(815301076,1909f56bfc062723c751e8b465ee728b)
Start importing Assets/Textures/Aluminum pipe Collapsed/TexturesCom_Pipe_AluminiumCollapsed_0.30x0.30_512_roughness.tif using Guid(e77b97534b225da4cb3bc3d916fe2bfb) Importer(815301076,1909f56bfc062723c751e8b465ee728b)  -> (artifact id: '3589f1a0c06487d0f062afd809ff6f03') in 0.010896 seconds 
  Import took 0.014555 seconds .

========================================================================
Received Import Request.
  Time since last request: 0.000255 seconds.
  path: Assets/Textures/Aluminum pipe Collapsed/TexturesCom_Pipe_AluminiumCollapsed_0.30x0.30_512_ao.tif
  artifactKey: Guid(80c7041fd8edfb840822ec25b91f766f) Importer(815301076,1909f56bfc062723c751e8b465ee728b)
Start importing Assets/Textures/Aluminum pipe Collapsed/TexturesCom_Pipe_AluminiumCollapsed_0.30x0.30_512_ao.tif using Guid(80c7041fd8edfb840822ec25b91f766f) Importer(815301076,1909f56bfc062723c751e8b465ee728b)  -> (artifact id: '043fbc8e4fada7576a57eda7a556ea45') in 0.012394 seconds 
  Import took 0.015630 seconds .

========================================================================
Received Import Request.
  Time since last request: 14.217621 seconds.
  path: Assets/Mats/AluminumPipeMat.mat
  artifactKey: Guid(dcf21e5f6addbbb4e8642dcbc9fcde7b) Importer(815301076,1909f56bfc062723c751e8b465ee728b)
Start importing Assets/Mats/AluminumPipeMat.mat using Guid(dcf21e5f6addbbb4e8642dcbc9fcde7b) Importer(815301076,1909f56bfc062723c751e8b465ee728b)  -> (artifact id: '641da49bdd509a9c44199dd965e8c6df') in 0.039520 seconds 
  Import took 0.043125 seconds .

========================================================================
Received Import Request.
  Time since last request: 23.834126 seconds.
  path: Assets/Textures/Aluminum pipe Collapsed/TexturesCom_Pipe_AluminiumCollapsed_0.30x0.30_512_normal.tif
  artifactKey: Guid(6d66bceebdf6852448493cb37b77bb9d) Importer(815301076,1909f56bfc062723c751e8b465ee728b)
Start importing Assets/Textures/Aluminum pipe Collapsed/TexturesCom_Pipe_AluminiumCollapsed_0.30x0.30_512_normal.tif using Guid(6d66bceebdf6852448493cb37b77bb9d) Importer(815301076,1909f56bfc062723c751e8b465ee728b)  -> (artifact id: 'e1a8456c8068499cd7104413442af828') in 0.014070 seconds 
  Import took 0.017774 seconds .

========================================================================
Received Import Request.
  Time since last request: 0.009280 seconds.
  path: Assets/Textures/Aluminum pipe Collapsed/TexturesCom_Pipe_AluminiumCollapsed_0.30x0.30_512_normal.tif
  artifactKey: Guid(6d66bceebdf6852448493cb37b77bb9d) Importer(815301076,1909f56bfc062723c751e8b465ee728b)
Start importing Assets/Textures/Aluminum pipe Collapsed/TexturesCom_Pipe_AluminiumCollapsed_0.30x0.30_512_normal.tif using Guid(6d66bceebdf6852448493cb37b77bb9d) Importer(815301076,1909f56bfc062723c751e8b465ee728b)  -> (artifact id: 'e1a8456c8068499cd7104413442af828') in 0.013408 seconds 
  Import took 0.016788 seconds .

========================================================================
Received Import Request.
  Time since last request: 282.484275 seconds.
  path: Assets/Textures/Steel
  artifactKey: Guid(c97093e6888c81640a7955ef341fe621) Importer(815301076,1909f56bfc062723c751e8b465ee728b)
Start importing Assets/Textures/Steel using Guid(c97093e6888c81640a7955ef341fe621) Importer(815301076,1909f56bfc062723c751e8b465ee728b)  -> (artifact id: '51a6f155cdc4b886a5e26dda669c7df4') in 0.006928 seconds 
  Import took 0.011137 seconds .

========================================================================
Received Import Request.
  Time since last request: 21.487054 seconds.
  path: Assets/Textures/Steel/TexturesCom_Metal_Galvanized_1K_albedo.tif
  artifactKey: Guid(6faf6ca982653604ab2431e21987d5b8) Importer(815301076,1909f56bfc062723c751e8b465ee728b)
Start importing Assets/Textures/Steel/TexturesCom_Metal_Galvanized_1K_albedo.tif using Guid(6faf6ca982653604ab2431e21987d5b8) Importer(815301076,1909f56bfc062723c751e8b465ee728b)  -> (artifact id: '12492121327c8b83c6e730ae10f7d30c') in 0.014147 seconds 
  Import took 0.018026 seconds .

========================================================================
Received Import Request.
  Time since last request: 0.000200 seconds.
  path: Assets/Textures/Steel/TexturesCom_Metal_Galvanized_1K_metallic.tif
  artifactKey: Guid(862dd468d4c1d704f8ba32cdcc9c3827) Importer(815301076,1909f56bfc062723c751e8b465ee728b)
Start importing Assets/Textures/Steel/TexturesCom_Metal_Galvanized_1K_metallic.tif using Guid(862dd468d4c1d704f8ba32cdcc9c3827) Importer(815301076,1909f56bfc062723c751e8b465ee728b)  -> (artifact id: 'd8aed8d3526ae5d490536c2bed689e9e') in 0.008865 seconds 
  Import took 0.011971 seconds .

========================================================================
Received Import Request.
  Time since last request: 0.000312 seconds.
  path: Assets/Textures/Steel/TexturesCom_Metal_Galvanized_1K_height.tif
  artifactKey: Guid(430a531642619ec499a3b61f415b1821) Importer(815301076,1909f56bfc062723c751e8b465ee728b)
Start importing Assets/Textures/Steel/TexturesCom_Metal_Galvanized_1K_height.tif using Guid(430a531642619ec499a3b61f415b1821) Importer(815301076,1909f56bfc062723c751e8b465ee728b)  -> (artifact id: '6c6a6acc9ad35983c82658e096712203') in 0.009173 seconds 
  Import took 0.012256 seconds .

========================================================================
Received Import Request.
  Time since last request: 0.000295 seconds.
  path: Assets/Textures/Steel/TexturesCom_Metal_Galvanized_1K_normal.tif
  artifactKey: Guid(c8e8b853895545741877830976357107) Importer(815301076,1909f56bfc062723c751e8b465ee728b)
Start importing Assets/Textures/Steel/TexturesCom_Metal_Galvanized_1K_normal.tif using Guid(c8e8b853895545741877830976357107) Importer(815301076,1909f56bfc062723c751e8b465ee728b)  -> (artifact id: 'da660c3169d0f8227bb840cb38acc6cc') in 0.009783 seconds 
  Import took 0.013124 seconds .

========================================================================
Received Import Request.
  Time since last request: 0.000387 seconds.
  path: Assets/Textures/Steel/TexturesCom_Metal_Galvanized_1K_roughness.tif
  artifactKey: Guid(1eb846bb81f80ae4d92888f59b8cc31c) Importer(815301076,1909f56bfc062723c751e8b465ee728b)
Start importing Assets/Textures/Steel/TexturesCom_Metal_Galvanized_1K_roughness.tif using Guid(1eb846bb81f80ae4d92888f59b8cc31c) Importer(815301076,1909f56bfc062723c751e8b465ee728b)  -> (artifact id: 'f942beec78b72e5a1f26835e5e35a7dd') in 0.010910 seconds 
  Import took 0.014107 seconds .

========================================================================
Received Import Request.
  Time since last request: 16.770745 seconds.
  path: Assets/Mats/SteelMat.mat
  artifactKey: Guid(b9f7caf53495b7148bdc894d3b106318) Importer(815301076,1909f56bfc062723c751e8b465ee728b)
Start importing Assets/Mats/SteelMat.mat using Guid(b9f7caf53495b7148bdc894d3b106318) Importer(815301076,1909f56bfc062723c751e8b465ee728b)  -> (artifact id: '4682488bfca02001bc9a4a05414056ec') in 0.011100 seconds 
  Import took 0.014720 seconds .

========================================================================
Received Import Request.
  Time since last request: 24.484400 seconds.
  path: Assets/Textures/Steel/TexturesCom_Metal_Galvanized_1K_normal.tif
  artifactKey: Guid(c8e8b853895545741877830976357107) Importer(815301076,1909f56bfc062723c751e8b465ee728b)
Start importing Assets/Textures/Steel/TexturesCom_Metal_Galvanized_1K_normal.tif using Guid(c8e8b853895545741877830976357107) Importer(815301076,1909f56bfc062723c751e8b465ee728b)  -> (artifact id: '2564ba6ed6fa1ae9e3d8f69259ff26c0') in 0.010350 seconds 
  Import took 0.013986 seconds .

========================================================================
Received Import Request.
  Time since last request: 0.021943 seconds.
  path: Assets/Textures/Steel/TexturesCom_Metal_Galvanized_1K_normal.tif
  artifactKey: Guid(c8e8b853895545741877830976357107) Importer(815301076,1909f56bfc062723c751e8b465ee728b)
Start importing Assets/Textures/Steel/TexturesCom_Metal_Galvanized_1K_normal.tif using Guid(c8e8b853895545741877830976357107) Importer(815301076,1909f56bfc062723c751e8b465ee728b)  -> (artifact id: '2564ba6ed6fa1ae9e3d8f69259ff26c0') in 0.012638 seconds 
  Import took 0.017871 seconds .

========================================================================
Received Prepare
Registering precompiled user dll's ...
Registered in 0.005379 seconds.
Begin MonoManager ReloadAssembly
Native extension for WindowsStandalone target not found
Refreshing native plugins compatible for Editor in 0.42 ms, found 2 plugins.
Preloading 0 native plugins for Editor in 0.00 ms.
Mono: successfully reloaded assembly
- Completed reload, in  1.059 seconds
Platform modules already initialized, skipping
Refreshing native plugins compatible for Editor in 0.43 ms, found 2 plugins.
Preloading 0 native plugins for Editor in 0.00 ms.
Unloading 2214 Unused Serialized files (Serialized files now loaded: 0)
System memory in use before: 100.2 MB.
System memory in use after: 100.4 MB.

Unloading 14 unused Assets to reduce memory usage. Loaded Objects now: 2742.
Total: 2.705600 ms (FindLiveObjects: 0.228200 ms CreateObjectMapping: 0.119200 ms MarkObjects: 2.302800 ms  DeleteObjects: 0.054000 ms)

AssetImportParameters requested are different than current active one (requested -> active):
  custom:framework-win-MediaFoundation: 216162199b28c13a410421893ffa2e32 -> 
  custom:video-decoder-ogg-theora: a1e56fd34408186e4bbccfd4996cb3dc -> 
  custom:container-muxer-webm: aa71ff27fc2769a1b78a27578f13a17b -> 
  custom:container-demuxer-webm: 4f35f7cbe854078d1ac9338744f61a02 -> 
  custom:container-demuxer-ogg: 62fdf1f143b41e24485cea50d1cbac27 -> 
  custom:video-encoder-webm-vp8: eb34c28f22e8b96e1ab97ce403110664 -> 
  custom:video-decoder-webm-vp8: 9c59270c3fd7afecdb556c50c9e8de78 -> 
  custom:audio-decoder-ogg-vorbis: bf7c407c2cedff20999df2af8eb42d56 -> 
  custom:audio-encoder-webm-vorbis: bf7c407c2cedff20999df2af8eb42d56 -> 
========================================================================
Received Import Request.
  Time since last request: 575.982076 seconds.
  path: Assets/Mats/SteelMat.mat
  artifactKey: Guid(b9f7caf53495b7148bdc894d3b106318) Importer(815301076,1909f56bfc062723c751e8b465ee728b)
Start importing Assets/Mats/SteelMat.mat using Guid(b9f7caf53495b7148bdc894d3b106318) Importer(815301076,1909f56bfc062723c751e8b465ee728b)  -> (artifact id: '243be34ff7a291d6f641d27eff4a78e8') in 0.059081 seconds 
  Import took 0.063201 seconds .

========================================================================
Received Import Request.
  Time since last request: 0.000273 seconds.
  path: Assets/Mats/AluminumPipeMat.mat
  artifactKey: Guid(dcf21e5f6addbbb4e8642dcbc9fcde7b) Importer(815301076,1909f56bfc062723c751e8b465ee728b)
Start importing Assets/Mats/AluminumPipeMat.mat using Guid(dcf21e5f6addbbb4e8642dcbc9fcde7b) Importer(815301076,1909f56bfc062723c751e8b465ee728b)  -> (artifact id: '1286041b949d97d9321e47584ec2a168') in 0.016308 seconds 
  Import took 0.019710 seconds .

========================================================================
Received Import Request.
  Time since last request: 688.628886 seconds.
  path: Assets/Mats/SciFiPanelMat.mat
  artifactKey: Guid(4980af4d12089b649a2b61e8dac3888a) Importer(815301076,1909f56bfc062723c751e8b465ee728b)
Start importing Assets/Mats/SciFiPanelMat.mat using Guid(4980af4d12089b649a2b61e8dac3888a) Importer(815301076,1909f56bfc062723c751e8b465ee728b)  -> (artifact id: '403415a2dd87fa5365888adf2fd37f00') in 0.022918 seconds 
  Import took 0.027223 seconds .

========================================================================
Received Import Request.
  Time since last request: 332.155226 seconds.
  path: Assets/iPoly3D
  artifactKey: Guid(4e1fb76c29e76e34682ab9857a7bc728) Importer(815301076,1909f56bfc062723c751e8b465ee728b)
Start importing Assets/iPoly3D using Guid(4e1fb76c29e76e34682ab9857a7bc728) Importer(815301076,1909f56bfc062723c751e8b465ee728b)  -> (artifact id: '894b3f7c68763c10ff24c6f536e04a52') in 0.006248 seconds 
  Import took 0.010581 seconds .

========================================================================
Received Import Request.
  Time since last request: 0.591715 seconds.
  path: Assets/iPoly3D/Server Room
  artifactKey: Guid(54e6ad362c7b6174fa280814fac4a367) Importer(815301076,1909f56bfc062723c751e8b465ee728b)
Start importing Assets/iPoly3D/Server Room using Guid(54e6ad362c7b6174fa280814fac4a367) Importer(815301076,1909f56bfc062723c751e8b465ee728b)  -> (artifact id: 'f9aeffa2a8be83d42fd23b545f4327f2') in 0.006236 seconds 
  Import took 0.009577 seconds .

========================================================================
Received Import Request.
  Time since last request: 2.345952 seconds.
  path: Assets/iPoly3D/Server Room/Prefabs
  artifactKey: Guid(7299c43b87688954182edc8a3a9abda2) Importer(815301076,1909f56bfc062723c751e8b465ee728b)
Start importing Assets/iPoly3D/Server Room/Prefabs using Guid(7299c43b87688954182edc8a3a9abda2) Importer(815301076,1909f56bfc062723c751e8b465ee728b)  -> (artifact id: 'cd25de4ec3fadb43d12357978f5cc308') in 0.005888 seconds 
  Import took 0.009347 seconds .

========================================================================
Received Import Request.
  Time since last request: 0.074603 seconds.
  path: Assets/iPoly3D/Server Room/Prefabs/airvent.prefab
  artifactKey: Guid(d7cd5c7975835a14cae4bcbafa34bd4b) Importer(815301076,1909f56bfc062723c751e8b465ee728b)
Start importing Assets/iPoly3D/Server Room/Prefabs/airvent.prefab using Guid(d7cd5c7975835a14cae4bcbafa34bd4b) Importer(815301076,1909f56bfc062723c751e8b465ee728b)  -> (artifact id: 'bc04f393e1f2d15ecc8b894e5efb864a') in 0.136736 seconds 
  Import took 0.140373 seconds .

========================================================================
Received Import Request.
  Time since last request: 0.000256 seconds.
  path: Assets/iPoly3D/Server Room/Prefabs/Keyboard.prefab
  artifactKey: Guid(ec78088b7a0003d48ac6ee3afada669e) Importer(815301076,1909f56bfc062723c751e8b465ee728b)
Start importing Assets/iPoly3D/Server Room/Prefabs/Keyboard.prefab using Guid(ec78088b7a0003d48ac6ee3afada669e) Importer(815301076,1909f56bfc062723c751e8b465ee728b)  -> (artifact id: '226bb5a50e57b1efa0625b48e8418b20') in 0.013844 seconds 
  Import took 0.017118 seconds .

========================================================================
Received Import Request.
  Time since last request: 0.000325 seconds.
  path: Assets/iPoly3D/Server Room/Prefabs/pc.prefab
  artifactKey: Guid(424622fb2f5ecf54b87e7c616e7ec1dd) Importer(815301076,1909f56bfc062723c751e8b465ee728b)
Start importing Assets/iPoly3D/Server Room/Prefabs/pc.prefab using Guid(424622fb2f5ecf54b87e7c616e7ec1dd) Importer(815301076,1909f56bfc062723c751e8b465ee728b)  -> (artifact id: '14322bd26faf1ea6f1574dde0c5f8544') in 0.014900 seconds 
  Import took 0.018479 seconds .

========================================================================
Received Import Request.
  Time since last request: 0.000274 seconds.
  path: Assets/iPoly3D/Server Room/Prefabs/ceiling_light.prefab
  artifactKey: Guid(c90faeda1ce307e418ee73344aa5e431) Importer(815301076,1909f56bfc062723c751e8b465ee728b)
Start importing Assets/iPoly3D/Server Room/Prefabs/ceiling_light.prefab using Guid(c90faeda1ce307e418ee73344aa5e431) Importer(815301076,1909f56bfc062723c751e8b465ee728b)  -> (artifact id: 'b7f7f7c38ec370f3f885c4f7d9031d49') in 0.012336 seconds 
  Import took 0.015790 seconds .

========================================================================
Received Import Request.
  Time since last request: 0.000227 seconds.
  path: Assets/iPoly3D/Server Room/Prefabs/display.002.prefab
  artifactKey: Guid(2407d844bd13a73418ffb791ab57246c) Importer(815301076,1909f56bfc062723c751e8b465ee728b)
Start importing Assets/iPoly3D/Server Room/Prefabs/display.002.prefab using Guid(2407d844bd13a73418ffb791ab57246c) Importer(815301076,1909f56bfc062723c751e8b465ee728b)  -> (artifact id: '3e9f0ea0dc0f15271c82e0a21ecb1138') in 0.011773 seconds 
  Import took 0.015295 seconds .

========================================================================
Received Import Request.
  Time since last request: 0.000324 seconds.
  path: Assets/iPoly3D/Server Room/Prefabs/electric cable.prefab
  artifactKey: Guid(62e70069d36571e41b6fa07f1eeb764b) Importer(815301076,1909f56bfc062723c751e8b465ee728b)
Start importing Assets/iPoly3D/Server Room/Prefabs/electric cable.prefab using Guid(62e70069d36571e41b6fa07f1eeb764b) Importer(815301076,1909f56bfc062723c751e8b465ee728b)  -> (artifact id: '2e6ab76566cfab579a05d0e96b68bd9c') in 0.012644 seconds 
  Import took 0.016244 seconds .

========================================================================
Received Import Request.
  Time since last request: 0.000266 seconds.
  path: Assets/iPoly3D/Server Room/Prefabs/display.004.prefab
  artifactKey: Guid(f78cb5e3a28483a41b34edc8c1b57ca1) Importer(815301076,1909f56bfc062723c751e8b465ee728b)
Start importing Assets/iPoly3D/Server Room/Prefabs/display.004.prefab using Guid(f78cb5e3a28483a41b34edc8c1b57ca1) Importer(815301076,1909f56bfc062723c751e8b465ee728b)  -> (artifact id: 'd625860c357ac524a256c0b06c1b337d') in 0.015804 seconds 
  Import took 0.019231 seconds .

========================================================================
Received Import Request.
  Time since last request: 0.000277 seconds.
  path: Assets/iPoly3D/Server Room/Prefabs/floor.prefab
  artifactKey: Guid(a8d819c88b06d5d479cad532c162c475) Importer(815301076,1909f56bfc062723c751e8b465ee728b)
Start importing Assets/iPoly3D/Server Room/Prefabs/floor.prefab using Guid(a8d819c88b06d5d479cad532c162c475) Importer(815301076,1909f56bfc062723c751e8b465ee728b)  -> (artifact id: '8404442a856e61dc6bb0cee6714c6a8a') in 0.012309 seconds 
  Import took 0.015747 seconds .

========================================================================
Received Import Request.
  Time since last request: 0.000227 seconds.
  path: Assets/iPoly3D/Server Room/Prefabs/pencil.prefab
  artifactKey: Guid(5bce66f7433474e4ebaf06e4434835be) Importer(815301076,1909f56bfc062723c751e8b465ee728b)
Start importing Assets/iPoly3D/Server Room/Prefabs/pencil.prefab using Guid(5bce66f7433474e4ebaf06e4434835be) Importer(815301076,1909f56bfc062723c751e8b465ee728b)  -> (artifact id: '2d6161154fec03516382d0c7b94d7ff8') in 0.011787 seconds 
  Import took 0.015185 seconds .

========================================================================
Received Import Request.
  Time since last request: 0.000268 seconds.
  path: Assets/iPoly3D/Server Room/Prefabs/panel.prefab
  artifactKey: Guid(5eb59992ccf63a945806038868d7263a) Importer(815301076,1909f56bfc062723c751e8b465ee728b)
Start importing Assets/iPoly3D/Server Room/Prefabs/panel.prefab using Guid(5eb59992ccf63a945806038868d7263a) Importer(815301076,1909f56bfc062723c751e8b465ee728b)  -> (artifact id: 'af21b29cccdf9d2e6ff19ab256f61967') in 0.012134 seconds 
  Import took 0.015556 seconds .

========================================================================
Received Import Request.
  Time since last request: 0.000276 seconds.
  path: Assets/iPoly3D/Server Room/Prefabs/tablet.prefab
  artifactKey: Guid(b7c323073beeb0b42a8412d881577235) Importer(815301076,1909f56bfc062723c751e8b465ee728b)
Start importing Assets/iPoly3D/Server Room/Prefabs/tablet.prefab using Guid(b7c323073beeb0b42a8412d881577235) Importer(815301076,1909f56bfc062723c751e8b465ee728b)  -> (artifact id: '9c10bd2225fa0e2073bd9fb84c24d1c3') in 0.014391 seconds 
  Import took 0.017769 seconds .

========================================================================
Received Import Request.
  Time since last request: 0.000263 seconds.
  path: Assets/iPoly3D/Server Room/Prefabs/wall.prefab
  artifactKey: Guid(80cbb9df11318004a95e198e69e78a10) Importer(815301076,1909f56bfc062723c751e8b465ee728b)
Start importing Assets/iPoly3D/Server Room/Prefabs/wall.prefab using Guid(80cbb9df11318004a95e198e69e78a10) Importer(815301076,1909f56bfc062723c751e8b465ee728b)  -> (artifact id: '4c4f217e547d29b4310053d79896c5e7') in 0.012304 seconds 
  Import took 0.015915 seconds .

========================================================================
Received Import Request.
  Time since last request: 0.000258 seconds.
  path: Assets/iPoly3D/Server Room/Prefabs/display.prefab
  artifactKey: Guid(74be82cbd3349a44d90866b7cbaed00c) Importer(815301076,1909f56bfc062723c751e8b465ee728b)
Start importing Assets/iPoly3D/Server Room/Prefabs/display.prefab using Guid(74be82cbd3349a44d90866b7cbaed00c) Importer(815301076,1909f56bfc062723c751e8b465ee728b)  -> (artifact id: 'c49489e9f98fa1a1b26d3ef7f5c126e0') in 0.012827 seconds 
  Import took 0.016094 seconds .

========================================================================
Received Import Request.
  Time since last request: 0.000257 seconds.
  path: Assets/iPoly3D/Server Room/Prefabs/corner.prefab
  artifactKey: Guid(e1ff1d8d5ca1e744e9735e8cf3e51fb4) Importer(815301076,1909f56bfc062723c751e8b465ee728b)
Start importing Assets/iPoly3D/Server Room/Prefabs/corner.prefab using Guid(e1ff1d8d5ca1e744e9735e8cf3e51fb4) Importer(815301076,1909f56bfc062723c751e8b465ee728b)  -> (artifact id: 'b7e4287968edbebcc9d177f0cb7aea97') in 0.012014 seconds 
  Import took 0.015583 seconds .

========================================================================
Received Import Request.
  Time since last request: 0.000297 seconds.
  path: Assets/iPoly3D/Server Room/Prefabs/wall_door.prefab
  artifactKey: Guid(ba08e2e36c3186d47bb5bff407ef271e) Importer(815301076,1909f56bfc062723c751e8b465ee728b)
Start importing Assets/iPoly3D/Server Room/Prefabs/wall_door.prefab using Guid(ba08e2e36c3186d47bb5bff407ef271e) Importer(815301076,1909f56bfc062723c751e8b465ee728b)  -> (artifact id: 'd8fb067f6985a924d2d0e320e586bba7') in 0.013214 seconds 
  Import took 0.016710 seconds .

========================================================================
Received Import Request.
  Time since last request: 0.000207 seconds.
  path: Assets/iPoly3D/Server Room/Prefabs/security_camera.prefab
  artifactKey: Guid(beb371209ab6caa45be5c7b336aaa6f9) Importer(815301076,1909f56bfc062723c751e8b465ee728b)
Start importing Assets/iPoly3D/Server Room/Prefabs/security_camera.prefab using Guid(beb371209ab6caa45be5c7b336aaa6f9) Importer(815301076,1909f56bfc062723c751e8b465ee728b)  -> (artifact id: '067a204ae0c4be11e349065a06c8c755') in 0.012741 seconds 
  Import took 0.016210 seconds .

========================================================================
Received Import Request.
  Time since last request: 0.000283 seconds.
  path: Assets/iPoly3D/Server Room/Prefabs/coffie.prefab
  artifactKey: Guid(a53f591064baf7f4f85f4cd31ffe3d84) Importer(815301076,1909f56bfc062723c751e8b465ee728b)
Start importing Assets/iPoly3D/Server Room/Prefabs/coffie.prefab using Guid(a53f591064baf7f4f85f4cd31ffe3d84) Importer(815301076,1909f56bfc062723c751e8b465ee728b)  -> (artifact id: 'e756584abc25908f60a6c2eaa183cac4') in 0.013171 seconds 
  Import took 0.016629 seconds .

========================================================================
Received Import Request.
  Time since last request: 0.000299 seconds.
  path: Assets/iPoly3D/Server Room/Prefabs/exit_sign.prefab
  artifactKey: Guid(01416d383f6bdc14e811adfc51255eaa) Importer(815301076,1909f56bfc062723c751e8b465ee728b)
Start importing Assets/iPoly3D/Server Room/Prefabs/exit_sign.prefab using Guid(01416d383f6bdc14e811adfc51255eaa) Importer(815301076,1909f56bfc062723c751e8b465ee728b)  -> (artifact id: '191d2b94549a19980317978b3c718ad5') in 0.013808 seconds 
  Import took 0.017306 seconds .

========================================================================
Received Import Request.
  Time since last request: 0.000198 seconds.
  path: Assets/iPoly3D/Server Room/Prefabs/fire_extinguisher.prefab
  artifactKey: Guid(d5f927682928f9f4c89f2b971e51f3d8) Importer(815301076,1909f56bfc062723c751e8b465ee728b)
Start importing Assets/iPoly3D/Server Room/Prefabs/fire_extinguisher.prefab using Guid(d5f927682928f9f4c89f2b971e51f3d8) Importer(815301076,1909f56bfc062723c751e8b465ee728b)  -> (artifact id: 'f25f59349698f0af56c448deb989b78d') in 0.013694 seconds 
  Import took 0.016968 seconds .

========================================================================
Received Import Request.
  Time since last request: 0.000243 seconds.
  path: Assets/iPoly3D/Server Room/Prefabs/pencilbox.prefab
  artifactKey: Guid(74706bb29dd2f754f8d23c7af6e47e82) Importer(815301076,1909f56bfc062723c751e8b465ee728b)
Start importing Assets/iPoly3D/Server Room/Prefabs/pencilbox.prefab using Guid(74706bb29dd2f754f8d23c7af6e47e82) Importer(815301076,1909f56bfc062723c751e8b465ee728b)  -> (artifact id: 'c6e18bd58e4f667de912570620a6ed7c') in 0.012549 seconds 
  Import took 0.016227 seconds .

========================================================================
Received Import Request.
  Time since last request: 0.000236 seconds.
  path: Assets/iPoly3D/Server Room/Prefabs/mousepad.prefab
  artifactKey: Guid(756f878363fcf1a4f89e45fa167dd3ed) Importer(815301076,1909f56bfc062723c751e8b465ee728b)
Start importing Assets/iPoly3D/Server Room/Prefabs/mousepad.prefab using Guid(756f878363fcf1a4f89e45fa167dd3ed) Importer(815301076,1909f56bfc062723c751e8b465ee728b)  -> (artifact id: '082d59d66093ce009f5ab4be56caae56') in 0.013624 seconds 
  Import took 0.017219 seconds .

========================================================================
Received Import Request.
  Time since last request: 0.000219 seconds.
  path: Assets/iPoly3D/Server Room/Prefabs/chair.prefab
  artifactKey: Guid(3f036e691e664f447a90fa723afffeb0) Importer(815301076,1909f56bfc062723c751e8b465ee728b)
Start importing Assets/iPoly3D/Server Room/Prefabs/chair.prefab using Guid(3f036e691e664f447a90fa723afffeb0) Importer(815301076,1909f56bfc062723c751e8b465ee728b)  -> (artifact id: 'e1026d737c97ed9064b2825bdb68d61e') in 0.013960 seconds 
  Import took 0.017314 seconds .

========================================================================
Received Import Request.
  Time since last request: 0.000321 seconds.
  path: Assets/iPoly3D/Server Room/Prefabs/screen.prefab
  artifactKey: Guid(a0aa93537ddb2224497aca7d5ddab426) Importer(815301076,1909f56bfc062723c751e8b465ee728b)
Start importing Assets/iPoly3D/Server Room/Prefabs/screen.prefab using Guid(a0aa93537ddb2224497aca7d5ddab426) Importer(815301076,1909f56bfc062723c751e8b465ee728b)  -> (artifact id: '12fd1685372a46d7761dc07b2e59dad0') in 0.012615 seconds 
  Import took 0.015916 seconds .

========================================================================
Received Import Request.
  Time since last request: 0.000258 seconds.
  path: Assets/iPoly3D/Server Room/Prefabs/ceiling_single.prefab
  artifactKey: Guid(3f4814451272e874f9d7dc1534b22b63) Importer(815301076,1909f56bfc062723c751e8b465ee728b)
Start importing Assets/iPoly3D/Server Room/Prefabs/ceiling_single.prefab using Guid(3f4814451272e874f9d7dc1534b22b63) Importer(815301076,1909f56bfc062723c751e8b465ee728b)  -> (artifact id: '7051d539d61f08f026a34ecbb908d109') in 0.012100 seconds 
  Import took 0.015468 seconds .

========================================================================
Received Import Request.
  Time since last request: 0.000230 seconds.
  path: Assets/iPoly3D/Server Room/Prefabs/desk.prefab
  artifactKey: Guid(0e16475e464050141a1bf64d51b46d48) Importer(815301076,1909f56bfc062723c751e8b465ee728b)
Start importing Assets/iPoly3D/Server Room/Prefabs/desk.prefab using Guid(0e16475e464050141a1bf64d51b46d48) Importer(815301076,1909f56bfc062723c751e8b465ee728b)  -> (artifact id: '31bfb925f6e621faf4d1d452ea9c670a') in 0.014828 seconds 
  Import took 0.018415 seconds .

========================================================================
Received Import Request.
  Time since last request: 0.000255 seconds.
  path: Assets/iPoly3D/Server Room/Prefabs/mouse.prefab
  artifactKey: Guid(845ec86c78d2a2c448e66e3b0e30e890) Importer(815301076,1909f56bfc062723c751e8b465ee728b)
Start importing Assets/iPoly3D/Server Room/Prefabs/mouse.prefab using Guid(845ec86c78d2a2c448e66e3b0e30e890) Importer(815301076,1909f56bfc062723c751e8b465ee728b)  -> (artifact id: 'e9d33538a62fad0458066e00262c751c') in 0.011923 seconds 
  Import took 0.015315 seconds .

========================================================================
Received Import Request.
  Time since last request: 0.000243 seconds.
  path: Assets/iPoly3D/Server Room/Prefabs/server_2.prefab
  artifactKey: Guid(b4f729d9618a65543baedfac3b0a7311) Importer(815301076,1909f56bfc062723c751e8b465ee728b)
Start importing Assets/iPoly3D/Server Room/Prefabs/server_2.prefab using Guid(b4f729d9618a65543baedfac3b0a7311) Importer(815301076,1909f56bfc062723c751e8b465ee728b)  -> (artifact id: '21474bfc8985c87d917ebdb74216946d') in 0.013832 seconds 
  Import took 0.017254 seconds .

========================================================================
Received Import Request.
  Time since last request: 0.000247 seconds.
  path: Assets/iPoly3D/Server Room/Prefabs/display.001.prefab
  artifactKey: Guid(78812a0a8603a5a4fbd5cb535a9178cd) Importer(815301076,1909f56bfc062723c751e8b465ee728b)
Start importing Assets/iPoly3D/Server Room/Prefabs/display.001.prefab using Guid(78812a0a8603a5a4fbd5cb535a9178cd) Importer(815301076,1909f56bfc062723c751e8b465ee728b)  -> (artifact id: 'faa2c22bd13f234209e3ac197f1b655a') in 0.016317 seconds 
  Import took 0.019730 seconds .

========================================================================
Received Import Request.
  Time since last request: 0.000305 seconds.
  path: Assets/iPoly3D/Server Room/Prefabs/laptop.prefab
  artifactKey: Guid(bc9cdfad65562854b86c69a063285b2f) Importer(815301076,1909f56bfc062723c751e8b465ee728b)
Start importing Assets/iPoly3D/Server Room/Prefabs/laptop.prefab using Guid(bc9cdfad65562854b86c69a063285b2f) Importer(815301076,1909f56bfc062723c751e8b465ee728b)  -> (artifact id: 'e812d99e46896ffa4c34a6e62c6ea1dd') in 0.014990 seconds 
  Import took 0.018799 seconds .

========================================================================
Received Import Request.
  Time since last request: 0.000345 seconds.
  path: Assets/iPoly3D/Server Room/Prefabs/server.prefab
  artifactKey: Guid(2f3fe288da751a2428fc82d8e5ed9f7e) Importer(815301076,1909f56bfc062723c751e8b465ee728b)
Start importing Assets/iPoly3D/Server Room/Prefabs/server.prefab using Guid(2f3fe288da751a2428fc82d8e5ed9f7e) Importer(815301076,1909f56bfc062723c751e8b465ee728b)  -> (artifact id: 'f90f0c882943437efa486613ea9d676c') in 0.013130 seconds 
  Import took 0.016480 seconds .

========================================================================
Received Import Request.
  Time since last request: 0.000237 seconds.
  path: Assets/iPoly3D/Server Room/Prefabs/box.prefab
  artifactKey: Guid(a15c4b10370dd354a8d5d0fb6d99e482) Importer(815301076,1909f56bfc062723c751e8b465ee728b)
Start importing Assets/iPoly3D/Server Room/Prefabs/box.prefab using Guid(a15c4b10370dd354a8d5d0fb6d99e482) Importer(815301076,1909f56bfc062723c751e8b465ee728b)  -> (artifact id: '8a498be1b885a7f82a665dbb77888323') in 0.013689 seconds 
  Import took 0.017130 seconds .

========================================================================
Received Import Request.
  Time since last request: 0.000291 seconds.
  path: Assets/iPoly3D/Server Room/Prefabs/password_panel.prefab
  artifactKey: Guid(75087ca99ecc4264ab937b89c140d230) Importer(815301076,1909f56bfc062723c751e8b465ee728b)
Start importing Assets/iPoly3D/Server Room/Prefabs/password_panel.prefab using Guid(75087ca99ecc4264ab937b89c140d230) Importer(815301076,1909f56bfc062723c751e8b465ee728b)  -> (artifact id: 'b7373b258c659ea8b3a83b57c343567a') in 0.015106 seconds 
  Import took 0.018989 seconds .

========================================================================
Received Import Request.
  Time since last request: 1157.270426 seconds.
  path: Assets/Socket Pack
  artifactKey: Guid(3809586ffd1b14f4cbcc65054d4d8f7b) Importer(815301076,1909f56bfc062723c751e8b465ee728b)
Start importing Assets/Socket Pack using Guid(3809586ffd1b14f4cbcc65054d4d8f7b) Importer(815301076,1909f56bfc062723c751e8b465ee728b)  -> (artifact id: '57a40a10e5f3c8b044fd05bad32df5c2') in 0.008578 seconds 
  Import took 0.012861 seconds .

========================================================================
Received Import Request.
  Time since last request: 1.441427 seconds.
  path: Assets/Socket Pack/Prefabs
  artifactKey: Guid(bbbe56a57511d8444b48f369a7c96ae9) Importer(815301076,1909f56bfc062723c751e8b465ee728b)
Start importing Assets/Socket Pack/Prefabs using Guid(bbbe56a57511d8444b48f369a7c96ae9) Importer(815301076,1909f56bfc062723c751e8b465ee728b)  -> (artifact id: 'e1d62db17a15c909d659dbbe22857d01') in 0.004738 seconds 
  Import took 0.008347 seconds .

========================================================================
Received Import Request.
  Time since last request: 0.089616 seconds.
  path: Assets/Socket Pack/Prefabs/Air_Vent_01.prefab
  artifactKey: Guid(c0b8e629cfb9d9b4ebcae55a0d907933) Importer(815301076,1909f56bfc062723c751e8b465ee728b)
Start importing Assets/Socket Pack/Prefabs/Air_Vent_01.prefab using Guid(c0b8e629cfb9d9b4ebcae55a0d907933) Importer(815301076,1909f56bfc062723c751e8b465ee728b)  -> (artifact id: 'bf9763afc0f7d3a1c439d418f793d1c4') in 0.040618 seconds 
  Import took 0.044806 seconds .

========================================================================
Received Import Request.
  Time since last request: 0.000295 seconds.
  path: Assets/Socket Pack/Prefabs/Air_Vent_02.prefab
  artifactKey: Guid(a5d24bf889543814c8a73ada3c1f8e20) Importer(815301076,1909f56bfc062723c751e8b465ee728b)
Start importing Assets/Socket Pack/Prefabs/Air_Vent_02.prefab using Guid(a5d24bf889543814c8a73ada3c1f8e20) Importer(815301076,1909f56bfc062723c751e8b465ee728b)  -> (artifact id: '0c53e476ab4d7b3ebc980d8699523d51') in 0.032399 seconds 
  Import took 0.036334 seconds .

========================================================================
Received Import Request.
  Time since last request: 0.000185 seconds.
  path: Assets/Socket Pack/Prefabs/Air_Vent_03.prefab
  artifactKey: Guid(3e4b767a8fe6cb84c940717edbe1802d) Importer(815301076,1909f56bfc062723c751e8b465ee728b)
Start importing Assets/Socket Pack/Prefabs/Air_Vent_03.prefab using Guid(3e4b767a8fe6cb84c940717edbe1802d) Importer(815301076,1909f56bfc062723c751e8b465ee728b)  -> (artifact id: 'dbdf44e7420f8466b60943e3d717db64') in 0.030273 seconds 
  Import took 0.033886 seconds .

========================================================================
Received Import Request.
  Time since last request: 0.000249 seconds.
  path: Assets/Socket Pack/Prefabs/Fuse_Box_03.prefab
  artifactKey: Guid(bfdca0dc8b83c134fa3a30b221c49ddc) Importer(815301076,1909f56bfc062723c751e8b465ee728b)
Start importing Assets/Socket Pack/Prefabs/Fuse_Box_03.prefab using Guid(bfdca0dc8b83c134fa3a30b221c49ddc) Importer(815301076,1909f56bfc062723c751e8b465ee728b)  -> (artifact id: '4b502ed24137f81de803ff1199c8e6b0') in 0.273406 seconds 
  Import took 0.277264 seconds .

========================================================================
Received Import Request.
  Time since last request: 0.000299 seconds.
  path: Assets/Socket Pack/Prefabs/Socket_06.prefab
  artifactKey: Guid(7851ef5885258b54b809c5cb67cab857) Importer(815301076,1909f56bfc062723c751e8b465ee728b)
Start importing Assets/Socket Pack/Prefabs/Socket_06.prefab using Guid(7851ef5885258b54b809c5cb67cab857) Importer(815301076,1909f56bfc062723c751e8b465ee728b)  -> (artifact id: '9c2f806923c13e992b60e3de619db77c') in 0.025866 seconds 
  Import took 0.030989 seconds .

========================================================================
Received Import Request.
  Time since last request: 0.000269 seconds.
  path: Assets/Socket Pack/Prefabs/Air_Vent_05.prefab
  artifactKey: Guid(2f871ab25b98d8646b221d9ee13ffb54) Importer(815301076,1909f56bfc062723c751e8b465ee728b)
Start importing Assets/Socket Pack/Prefabs/Air_Vent_05.prefab using Guid(2f871ab25b98d8646b221d9ee13ffb54) Importer(815301076,1909f56bfc062723c751e8b465ee728b)  -> (artifact id: 'ba9280fd836b64726b789febb12f8d52') in 0.026992 seconds 
  Import took 0.031495 seconds .

========================================================================
Received Import Request.
  Time since last request: 0.000273 seconds.
  path: Assets/Socket Pack/Prefabs/Socket_04.prefab
  artifactKey: Guid(20cb6815280bfbf45b5884c03d5b06fe) Importer(815301076,1909f56bfc062723c751e8b465ee728b)
Start importing Assets/Socket Pack/Prefabs/Socket_04.prefab using Guid(20cb6815280bfbf45b5884c03d5b06fe) Importer(815301076,1909f56bfc062723c751e8b465ee728b)  -> (artifact id: '3baaaa180cf9b935da6726448c29d85b') in 0.025525 seconds 
  Import took 0.029428 seconds .

========================================================================
Received Import Request.
  Time since last request: 0.000227 seconds.
  path: Assets/Socket Pack/Prefabs/Socket_01.prefab
  artifactKey: Guid(96aae28771c125b418d55d0da83afbda) Importer(815301076,1909f56bfc062723c751e8b465ee728b)
Start importing Assets/Socket Pack/Prefabs/Socket_01.prefab using Guid(96aae28771c125b418d55d0da83afbda) Importer(815301076,1909f56bfc062723c751e8b465ee728b)  -> (artifact id: '70a92911e201f74b193efd551cef60a8') in 0.027877 seconds 
  Import took 0.031766 seconds .

========================================================================
Received Import Request.
  Time since last request: 0.000289 seconds.
  path: Assets/Socket Pack/Prefabs/Air_Vent_04.prefab
  artifactKey: Guid(4b2dd6cbc353e144eae9b5d125665f6a) Importer(815301076,1909f56bfc062723c751e8b465ee728b)
Start importing Assets/Socket Pack/Prefabs/Air_Vent_04.prefab using Guid(4b2dd6cbc353e144eae9b5d125665f6a) Importer(815301076,1909f56bfc062723c751e8b465ee728b)  -> (artifact id: '9a81d9a193fc317097d2cd32e3f61149') in 0.022762 seconds 
  Import took 0.026590 seconds .

========================================================================
Received Import Request.
  Time since last request: 0.000269 seconds.
  path: Assets/Socket Pack/Prefabs/Fuse_Box_01.prefab
  artifactKey: Guid(0cef5c68ca909f5419a0f886ae979556) Importer(815301076,1909f56bfc062723c751e8b465ee728b)
Start importing Assets/Socket Pack/Prefabs/Fuse_Box_01.prefab using Guid(0cef5c68ca909f5419a0f886ae979556) Importer(815301076,1909f56bfc062723c751e8b465ee728b)  -> (artifact id: '10f9dceb7986808707d59987cd3102b0') in 0.028660 seconds 
  Import took 0.032491 seconds .

========================================================================
Received Import Request.
  Time since last request: 0.000259 seconds.
  path: Assets/Socket Pack/Prefabs/Socket_02.prefab
  artifactKey: Guid(0821b2a7a02d670438d48ecad27833d3) Importer(815301076,1909f56bfc062723c751e8b465ee728b)
Start importing Assets/Socket Pack/Prefabs/Socket_02.prefab using Guid(0821b2a7a02d670438d48ecad27833d3) Importer(815301076,1909f56bfc062723c751e8b465ee728b)  -> (artifact id: '3354e17c17d816a34f5afb202e4a8ed0') in 0.024376 seconds 
  Import took 0.029361 seconds .

========================================================================
Received Import Request.
  Time since last request: 0.000283 seconds.
  path: Assets/Socket Pack/Prefabs/Socket_03.prefab
  artifactKey: Guid(3af13f0bcdcfdf04ca88de3d10d80c92) Importer(815301076,1909f56bfc062723c751e8b465ee728b)
Start importing Assets/Socket Pack/Prefabs/Socket_03.prefab using Guid(3af13f0bcdcfdf04ca88de3d10d80c92) Importer(815301076,1909f56bfc062723c751e8b465ee728b)  -> (artifact id: '054912a25853f6e0f7c651f8189392f2') in 0.024478 seconds 
  Import took 0.028512 seconds .

========================================================================
Received Import Request.
  Time since last request: 0.000202 seconds.
  path: Assets/Socket Pack/Prefabs/Socket_05.prefab
  artifactKey: Guid(938efaaf71cdadc47aebc9f63608b97d) Importer(815301076,1909f56bfc062723c751e8b465ee728b)
Start importing Assets/Socket Pack/Prefabs/Socket_05.prefab using Guid(938efaaf71cdadc47aebc9f63608b97d) Importer(815301076,1909f56bfc062723c751e8b465ee728b)  -> (artifact id: '9655aa4a1bc38e00aa2dedb3caa1844d') in 0.024738 seconds 
  Import took 0.029361 seconds .

========================================================================
Received Import Request.
  Time since last request: 0.000322 seconds.
  path: Assets/Socket Pack/Prefabs/Fuse_Box_02.prefab
  artifactKey: Guid(c840d444cbfac8a43a91ccd20b13e9c5) Importer(815301076,1909f56bfc062723c751e8b465ee728b)
Start importing Assets/Socket Pack/Prefabs/Fuse_Box_02.prefab using Guid(c840d444cbfac8a43a91ccd20b13e9c5) Importer(815301076,1909f56bfc062723c751e8b465ee728b)  -> (artifact id: '0dcf9990716d7a13bc1327c426fe9070') in 0.027736 seconds 
  Import took 0.032169 seconds .

AssetImportWorkerClient::OnTransportError - code=2 error=End of file
